<?xml version="1.0" encoding="UTF-8"?>
<!-- Generated by org.testng.reporters.JUnitReportReporter -->
<testsuite name="scenarios.TestBase" tests="1" time="5.689" ignored="0" failures="0" timestamp="21 Jul 2018 14:05:25 GMT" skipped="0" hostname="Vinod-PC" errors="0">
  <testcase name="init" time="5.689" classname="scenarios.TestBase"/>
</testsuite> <!-- scenarios.TestBase -->
