<?xml version="1.0" encoding="UTF-8"?>
<!-- Generated by org.testng.reporters.JUnitReportReporter -->
<testsuite name="myListners.MyTestListner" tests="1" time="5.634" ignored="0" failures="0" timestamp="21 Jul 2018 13:54:22 GMT" skipped="0" hostname="Vinod-PC" errors="0">
  <testcase name="init" time="5.634" classname="myListners.MyTestListner"/>
</testsuite> <!-- myListners.MyTestListner -->
