<?xml version="1.0" encoding="UTF-8"?>
<!-- Generated by org.testng.reporters.JUnitReportReporter -->
<testsuite hostname="Vinod-PC" name="scenarios.Test1" tests="1" failures="0" timestamp="27 Jul 2018 03:47:46 GMT" time="11.164" errors="0">
  <testcase name="myFirstTest" time="11.164" classname="scenarios.Test1"/>
</testsuite> <!-- scenarios.Test1 -->
