<?xml version="1.0" encoding="UTF-8"?>
<!-- Generated by org.testng.reporters.JUnitReportReporter -->
<testsuite hostname="Vinod-PC" name="scenarios.Test2" tests="1" failures="0" timestamp="27 Jul 2018 03:47:46 GMT" time="8.641" errors="0">
  <testcase name="mySecondTest" time="8.641" classname="scenarios.Test2"/>
</testsuite> <!-- scenarios.Test2 -->
