<?xml version="1.0" encoding="UTF-8"?>
<!-- Generated by org.testng.reporters.JUnitReportReporter -->
<testsuite hostname="Vinod-PC" name="scenarios.Test1" tests="1" failures="0" timestamp="22 Jul 2018 07:57:34 GMT" time="8.600" errors="0">
  <testcase name="myFirstTest" time="8.600" classname="scenarios.Test1"/>
</testsuite> <!-- scenarios.Test1 -->
