<?xml version="1.0" encoding="UTF-8"?>
<!-- Generated by org.testng.reporters.JUnitReportReporter -->
<testsuite hostname="Vinod-PC" name="scenarios.Test2" tests="1" failures="0" timestamp="22 Jul 2018 07:57:34 GMT" time="9.248" errors="0">
  <testcase name="mySecondTest" time="9.248" classname="scenarios.Test2"/>
</testsuite> <!-- scenarios.Test2 -->
